[2020-07-24T15:22:25.371] [DEBUG] cheese - login => username:123,password:123
[2020-07-24T15:22:25.374] [DEBUG] cheese - 123
[2020-07-24T15:22:25.389] [DEBUG] cheese - null
[2020-07-24T15:22:25.390] [DEBUG] cheese - null
[2020-07-24T15:22:53.366] [DEBUG] cheese - login => username:111,password:222
[2020-07-24T15:22:53.367] [DEBUG] cheese - 111
[2020-07-24T15:22:53.374] [DEBUG] cheese - null
[2020-07-24T15:22:53.375] [DEBUG] cheese - null
[2020-07-24T15:45:05.442] [DEBUG] cheese - login => username:admin,password:123456
[2020-07-24T15:45:05.442] [DEBUG] cheese - admin
[2020-07-24T15:45:05.448] [DEBUG] cheese - null
[2020-07-24T15:45:05.449] [DEBUG] cheese - null
[2020-07-24T15:48:18.827] [DEBUG] cheese - login => username:qqew,password:qqq
[2020-07-24T15:48:18.827] [DEBUG] cheese - qqew
[2020-07-24T15:48:18.830] [DEBUG] cheese - null
[2020-07-24T15:48:18.831] [DEBUG] cheese - null
[2020-07-24T15:48:55.629] [DEBUG] cheese - login => username:asd,password:asd
[2020-07-24T15:48:55.629] [DEBUG] cheese - asd
[2020-07-24T15:48:55.632] [DEBUG] cheese - null
[2020-07-24T15:48:55.632] [DEBUG] cheese - null
[2020-07-24T15:50:22.127] [DEBUG] cheese - login => username:qwe,password:11
[2020-07-24T15:50:22.127] [DEBUG] cheese - qwe
[2020-07-24T15:50:22.130] [DEBUG] cheese - null
[2020-07-24T15:50:22.130] [DEBUG] cheese - null
[2020-07-24T15:50:39.599] [DEBUG] cheese - login => username:asd,password:asd
[2020-07-24T15:50:39.599] [DEBUG] cheese - asd
[2020-07-24T15:50:39.603] [DEBUG] cheese - null
[2020-07-24T15:50:39.603] [DEBUG] cheese - null
[2020-07-24T16:00:41.230] [DEBUG] cheese - login => username:admin,password:123456
[2020-07-24T16:00:41.230] [DEBUG] cheese - admin
[2020-07-24T16:00:41.235] [DEBUG] cheese - null
[2020-07-24T16:00:41.235] [DEBUG] cheese - null
[2020-07-24T16:04:34.867] [DEBUG] cheese - login => username:阿萨德,password:asd
[2020-07-24T16:04:34.867] [DEBUG] cheese - 阿萨德
[2020-07-24T16:04:34.869] [DEBUG] cheese - null
[2020-07-24T16:04:34.870] [DEBUG] cheese - null
[2020-07-24T16:04:36.054] [DEBUG] cheese - login => username:阿萨德,password:asd
[2020-07-24T16:04:36.054] [DEBUG] cheese - 阿萨德
[2020-07-24T16:04:36.059] [DEBUG] cheese - null
[2020-07-24T16:04:36.059] [DEBUG] cheese - null
[2020-07-24T16:04:36.654] [DEBUG] cheese - login => username:阿萨德,password:asd
[2020-07-24T16:04:36.654] [DEBUG] cheese - 阿萨德
[2020-07-24T16:04:36.660] [DEBUG] cheese - null
[2020-07-24T16:04:36.660] [DEBUG] cheese - null
[2020-07-24T16:04:52.480] [DEBUG] cheese - login => username:阿萨德,password:asd
[2020-07-24T16:04:52.480] [DEBUG] cheese - 阿萨德
[2020-07-24T16:04:52.483] [DEBUG] cheese - null
[2020-07-24T16:04:52.483] [DEBUG] cheese - null
[2020-07-24T16:04:53.400] [DEBUG] cheese - login => username:阿萨德,password:asd
[2020-07-24T16:04:53.401] [DEBUG] cheese - 阿萨德
[2020-07-24T16:04:53.403] [DEBUG] cheese - null
[2020-07-24T16:04:53.403] [DEBUG] cheese - null
[2020-07-24T16:04:53.694] [DEBUG] cheese - login => username:阿萨德,password:asd
[2020-07-24T16:04:53.694] [DEBUG] cheese - 阿萨德
[2020-07-24T16:04:53.697] [DEBUG] cheese - null
[2020-07-24T16:04:53.697] [DEBUG] cheese - null
[2020-07-24T16:04:54.142] [DEBUG] cheese - login => username:阿萨德,password:asd
[2020-07-24T16:04:54.142] [DEBUG] cheese - 阿萨德
[2020-07-24T16:04:54.146] [DEBUG] cheese - null
[2020-07-24T16:04:54.146] [DEBUG] cheese - null
[2020-07-24T16:05:25.710] [DEBUG] cheese - login => username:admin,password:123456
[2020-07-24T16:05:25.710] [DEBUG] cheese - admin
[2020-07-24T16:05:25.714] [DEBUG] cheese - null
[2020-07-24T16:05:25.715] [DEBUG] cheese - null
[2020-07-24T16:05:44.341] [DEBUG] cheese - login => username:qw,password:qw
[2020-07-24T16:05:44.341] [DEBUG] cheese - qw
[2020-07-24T16:05:44.344] [DEBUG] cheese - null
[2020-07-24T16:05:44.344] [DEBUG] cheese - null
[2020-07-24T16:08:27.402] [DEBUG] cheese - login => username:admin,password:123456
[2020-07-24T16:08:27.402] [DEBUG] cheese - admin
[2020-07-24T16:08:27.407] [DEBUG] cheese - null
[2020-07-24T16:08:27.408] [DEBUG] cheese - null
[2020-07-24T16:10:15.675] [DEBUG] cheese - login => username:admin,password:123456
[2020-07-24T16:10:15.675] [DEBUG] cheese - admin
[2020-07-24T16:10:15.679] [DEBUG] cheese - null
[2020-07-24T16:10:15.680] [DEBUG] cheese - null
[2020-07-24T16:19:16.579] [DEBUG] cheese - login => username:admin,password:123456
[2020-07-24T16:19:16.579] [DEBUG] cheese - admin
[2020-07-24T16:19:16.587] [DEBUG] cheese - null
[2020-07-24T16:19:16.587] [DEBUG] cheese - null
[2020-07-24T16:24:22.358] [DEBUG] cheese - login => username:admin,password:123456
[2020-07-24T16:24:22.358] [DEBUG] cheese - admin
[2020-07-24T16:24:22.366] [DEBUG] cheese - null
[2020-07-24T16:24:22.366] [DEBUG] cheese - null
[2020-07-24T16:24:30.880] [DEBUG] cheese - login => username:admin,password:123456
[2020-07-24T16:24:30.880] [DEBUG] cheese - admin
[2020-07-24T16:24:30.886] [DEBUG] cheese - null
[2020-07-24T16:24:30.886] [DEBUG] cheese - null
[2020-07-24T16:29:37.524] [DEBUG] cheese - login => username:admin,password:123456
[2020-07-24T16:29:37.524] [DEBUG] cheese - admin
[2020-07-24T16:29:37.528] [DEBUG] cheese - null
[2020-07-24T16:29:37.528] [DEBUG] cheese - null
